<?xml version="1.0" encoding="UTF-8"?>
<!-- Generated by org.testng.reporters.JUnitXMLReporter -->
<testsuite hostname="julia16" name="Default test" tests="7" failures="0" timestamp="25 Feb 2018 23:54:17 GMT" time="51.156" errors="0">
  <testcase name="testGetNewPage" time="4.052" classname="executeTestCases.ExecuteTestCasesGetNewPage"/>
  <testcase name="testGetNewPage" time="2.872" classname="executeTestCases.ExecuteTestCasesGetNewPage"/>
  <testcase name="testGetNewPage" time="2.457" classname="executeTestCases.ExecuteTestCasesGetNewPage"/>
  <testcase name="testGetNewPage" time="2.522" classname="executeTestCases.ExecuteTestCasesGetNewPage"/>
  <testcase name="testGetNewPage" time="2.598" classname="executeTestCases.ExecuteTestCasesGetNewPage"/>
  <testcase name="testGetNewPage" time="11.624" classname="executeTestCases.ExecuteTestCasesGetNewPage"/>
  <testcase name="testGetNewPage" time="1.678" classname="executeTestCases.ExecuteTestCasesGetNewPage"/>
</testsuite> <!-- Default test -->
