<?xml version="1.0" encoding="UTF-8"?>
<!-- Generated by org.testng.reporters.JUnitXMLReporter -->
<testsuite hostname="julia16" name="Test2" tests="5" failures="0" timestamp="7 Mar 2018 20:43:34 GMT" time="21.659" errors="0">
  <testcase name="testPages" time="1.414" classname="executeTestCases.ExecuteTestCasesLoginPage"/>
  <testcase name="testPages" time="0.732" classname="executeTestCases.ExecuteTestCasesLoginPage"/>
  <testcase name="testPages" time="1.197" classname="executeTestCases.ExecuteTestCasesLoginPage"/>
  <testcase name="testPages" time="1.09" classname="executeTestCases.ExecuteTestCasesLoginPage"/>
  <testcase name="testPages" time="0.857" classname="executeTestCases.ExecuteTestCasesLoginPage"/>
</testsuite> <!-- Test2 -->
