<?xml version="1.0" encoding="UTF-8"?>
<testng-results skipped="0" failed="0" total="7" passed="7">
  <reporter-output>
  </reporter-output>
  <suite name="Suite" duration-ms="50978" started-at="2018-03-07T20:44:00Z" finished-at="2018-03-07T20:44:51Z">
    <groups>
    </groups>
    <test name="Test1" duration-ms="50978" started-at="2018-03-07T20:44:00Z" finished-at="2018-03-07T20:44:51Z">
      <class name="executeTestCases.ExecuteTestCasesGetNewPage">
        <test-method status="PASS" signature="setup()[pri:0, instance:executeTestCases.ExecuteTestCasesGetNewPage@39aeed2f]" name="setup" is-config="true" duration-ms="22595" started-at="2018-03-07T15:44:00Z" finished-at="2018-03-07T15:44:22Z">
          <reporter-output>
          </reporter-output>
        </test-method> <!-- setup -->
        <test-method status="PASS" signature="testGetNewPage(java.lang.String, java.lang.String, java.lang.String, java.lang.String, java.lang.String, java.lang.String, java.lang.String)[pri:0, instance:executeTestCases.ExecuteTestCasesGetNewPage@39aeed2f]" name="testGetNewPage" duration-ms="3499" started-at="2018-03-07T15:44:25Z" data-provider="TestCasesSheet" finished-at="2018-03-07T15:44:29Z">
          <params>
            <param index="0">
              <value>
                <![CDATA[FirstNameError]]>
              </value>
            </param>
            <param index="1">
              <value>
                <![CDATA[]]>
              </value>
            </param>
            <param index="2">
              <value>
                <![CDATA[Smith]]>
              </value>
            </param>
            <param index="3">
              <value>
                <![CDATA[abc@yahoo.ca]]>
              </value>
            </param>
            <param index="4">
              <value>
                <![CDATA[Algoma DSB]]>
              </value>
            </param>
            <param index="5">
              <value>
                <![CDATA[Coach]]>
              </value>
            </param>
            <param index="6">
              <value>
                <![CDATA[Please enter your first name]]>
              </value>
            </param>
          </params>
          <reporter-output>
          </reporter-output>
        </test-method> <!-- testGetNewPage -->
        <test-method status="PASS" signature="testGetNewPage(java.lang.String, java.lang.String, java.lang.String, java.lang.String, java.lang.String, java.lang.String, java.lang.String)[pri:0, instance:executeTestCases.ExecuteTestCasesGetNewPage@39aeed2f]" name="testGetNewPage" duration-ms="2148" started-at="2018-03-07T15:44:29Z" data-provider="TestCasesSheet" finished-at="2018-03-07T15:44:31Z">
          <params>
            <param index="0">
              <value>
                <![CDATA[LastNameError]]>
              </value>
            </param>
            <param index="1">
              <value>
                <![CDATA[Cat]]>
              </value>
            </param>
            <param index="2">
              <value>
                <![CDATA[]]>
              </value>
            </param>
            <param index="3">
              <value>
                <![CDATA[bbb@yahoo.ca]]>
              </value>
            </param>
            <param index="4">
              <value>
                <![CDATA[Algoma DSB]]>
              </value>
            </param>
            <param index="5">
              <value>
                <![CDATA[Coach]]>
              </value>
            </param>
            <param index="6">
              <value>
                <![CDATA[Please enter your last name]]>
              </value>
            </param>
          </params>
          <reporter-output>
          </reporter-output>
        </test-method> <!-- testGetNewPage -->
        <test-method status="PASS" signature="testGetNewPage(java.lang.String, java.lang.String, java.lang.String, java.lang.String, java.lang.String, java.lang.String, java.lang.String)[pri:0, instance:executeTestCases.ExecuteTestCasesGetNewPage@39aeed2f]" name="testGetNewPage" duration-ms="1977" started-at="2018-03-07T15:44:31Z" data-provider="TestCasesSheet" finished-at="2018-03-07T15:44:33Z">
          <params>
            <param index="0">
              <value>
                <![CDATA[RoleError]]>
              </value>
            </param>
            <param index="1">
              <value>
                <![CDATA[Dog]]>
              </value>
            </param>
            <param index="2">
              <value>
                <![CDATA[Black]]>
              </value>
            </param>
            <param index="3">
              <value>
                <![CDATA[CCC@gmail.com]]>
              </value>
            </param>
            <param index="4">
              <value>
                <![CDATA[Algoma DSB]]>
              </value>
            </param>
            <param index="5">
              <value>
                <![CDATA[]]>
              </value>
            </param>
            <param index="6">
              <value>
                <![CDATA[Please select a role]]>
              </value>
            </param>
          </params>
          <reporter-output>
          </reporter-output>
        </test-method> <!-- testGetNewPage -->
        <test-method status="PASS" signature="testGetNewPage(java.lang.String, java.lang.String, java.lang.String, java.lang.String, java.lang.String, java.lang.String, java.lang.String)[pri:0, instance:executeTestCases.ExecuteTestCasesGetNewPage@39aeed2f]" name="testGetNewPage" duration-ms="2193" started-at="2018-03-07T15:44:33Z" data-provider="TestCasesSheet" finished-at="2018-03-07T15:44:35Z">
          <params>
            <param index="0">
              <value>
                <![CDATA[EmailError]]>
              </value>
            </param>
            <param index="1">
              <value>
                <![CDATA[test]]>
              </value>
            </param>
            <param index="2">
              <value>
                <![CDATA[test]]>
              </value>
            </param>
            <param index="3">
              <value>
                <![CDATA[AAA]]>
              </value>
            </param>
            <param index="4">
              <value>
                <![CDATA[Algoma DSB]]>
              </value>
            </param>
            <param index="5">
              <value>
                <![CDATA[Coach]]>
              </value>
            </param>
            <param index="6">
              <value>
                <![CDATA[Please enter a valid email address]]>
              </value>
            </param>
          </params>
          <reporter-output>
          </reporter-output>
        </test-method> <!-- testGetNewPage -->
        <test-method status="PASS" signature="testGetNewPage(java.lang.String, java.lang.String, java.lang.String, java.lang.String, java.lang.String, java.lang.String, java.lang.String)[pri:0, instance:executeTestCases.ExecuteTestCasesGetNewPage@39aeed2f]" name="testGetNewPage" duration-ms="2151" started-at="2018-03-07T15:44:35Z" data-provider="TestCasesSheet" finished-at="2018-03-07T15:44:37Z">
          <params>
            <param index="0">
              <value>
                <![CDATA[Success]]>
              </value>
            </param>
            <param index="1">
              <value>
                <![CDATA[test]]>
              </value>
            </param>
            <param index="2">
              <value>
                <![CDATA[test]]>
              </value>
            </param>
            <param index="3">
              <value>
                <![CDATA[aaa@gmail.com]]>
              </value>
            </param>
            <param index="4">
              <value>
                <![CDATA[Algoma DSB]]>
              </value>
            </param>
            <param index="5">
              <value>
                <![CDATA[Coach]]>
              </value>
            </param>
            <param index="6">
              <value>
                <![CDATA[Thank you! We will be in touch with more information about mPower.]]>
              </value>
            </param>
          </params>
          <reporter-output>
          </reporter-output>
        </test-method> <!-- testGetNewPage -->
        <test-method status="PASS" signature="testGetNewPage(java.lang.String, java.lang.String, java.lang.String, java.lang.String, java.lang.String, java.lang.String, java.lang.String)[pri:0, instance:executeTestCases.ExecuteTestCasesGetNewPage@39aeed2f]" name="testGetNewPage" duration-ms="11525" started-at="2018-03-07T15:44:37Z" data-provider="TestCasesSheet" finished-at="2018-03-07T15:44:49Z">
          <params>
            <param index="0">
              <value>
                <![CDATA[MutipleError]]>
              </value>
            </param>
            <param index="1">
              <value>
                <![CDATA[test]]>
              </value>
            </param>
            <param index="2">
              <value>
                <![CDATA[]]>
              </value>
            </param>
            <param index="3">
              <value>
                <![CDATA[]]>
              </value>
            </param>
            <param index="4">
              <value>
                <![CDATA[]]>
              </value>
            </param>
            <param index="5">
              <value>
                <![CDATA[]]>
              </value>
            </param>
            <param index="6">
              <value>
                <![CDATA[Please enter your last name;
Please select a role;
Please enter a valid email address;]]>
              </value>
            </param>
          </params>
          <reporter-output>
          </reporter-output>
        </test-method> <!-- testGetNewPage -->
        <test-method status="PASS" signature="testGetNewPage(java.lang.String, java.lang.String, java.lang.String, java.lang.String, java.lang.String, java.lang.String, java.lang.String)[pri:0, instance:executeTestCases.ExecuteTestCasesGetNewPage@39aeed2f]" name="testGetNewPage" duration-ms="1335" started-at="2018-03-07T15:44:49Z" data-provider="TestCasesSheet" finished-at="2018-03-07T15:44:50Z">
          <params>
            <param index="0">
              <value>
                <![CDATA[MutipleError]]>
              </value>
            </param>
            <param index="1">
              <value>
                <![CDATA[]]>
              </value>
            </param>
            <param index="2">
              <value>
                <![CDATA[]]>
              </value>
            </param>
            <param index="3">
              <value>
                <![CDATA[]]>
              </value>
            </param>
            <param index="4">
              <value>
                <![CDATA[]]>
              </value>
            </param>
            <param index="5">
              <value>
                <![CDATA[]]>
              </value>
            </param>
            <param index="6">
              <value>
                <![CDATA[Please enter your first name;
Plea se enter your last name;
Please select a role;
Please enter a valid email address;]]>
              </value>
            </param>
          </params>
          <reporter-output>
          </reporter-output>
        </test-method> <!-- testGetNewPage -->
        <test-method status="PASS" signature="closeBrower()[pri:0, instance:executeTestCases.ExecuteTestCasesGetNewPage@39aeed2f]" name="closeBrower" is-config="true" duration-ms="470" started-at="2018-03-07T15:44:50Z" finished-at="2018-03-07T15:44:51Z">
          <reporter-output>
          </reporter-output>
        </test-method> <!-- closeBrower -->
      </class> <!-- executeTestCases.ExecuteTestCasesGetNewPage -->
    </test> <!-- Test1 -->
  </suite> <!-- Suite -->
</testng-results>
